Unable to load library file:///home/kelper/clg/DBMS-front-end/vue.ts at /usr/lib/code/extensions/node_modules/typescript/lib/file:/home/kelper/clg/DBMS-front-end/vue.ts
Unable to load library file:///home/kelper/clg/DBMS-front-end/vue.tsx at /usr/lib/code/extensions/node_modules/typescript/lib/file:/home/kelper/clg/DBMS-front-end/vue.tsx
Unable to load library file:///home/kelper/clg/DBMS-front-end/vue.d.ts at /usr/lib/code/extensions/node_modules/typescript/lib/file:/home/kelper/clg/DBMS-front-end/vue.d.ts
Unable to load library file:///home/kelper/clg/vue.ts at /usr/lib/code/extensions/node_modules/typescript/lib/file:/home/kelper/clg/vue.ts
Unable to load library file:///home/kelper/clg/vue.tsx at /usr/lib/code/extensions/node_modules/typescript/lib/file:/home/kelper/clg/vue.tsx
Unable to load library file:///home/kelper/clg/vue.d.ts at /usr/lib/code/extensions/node_modules/typescript/lib/file:/home/kelper/clg/vue.d.ts
Unable to load library file:///home/kelper/vue.ts at /usr/lib/code/extensions/node_modules/typescript/lib/file:/home/kelper/vue.ts
Unable to load library file:///home/kelper/vue.tsx at /usr/lib/code/extensions/node_modules/typescript/lib/file:/home/kelper/vue.tsx
Unable to load library file:///home/kelper/vue.d.ts at /usr/lib/code/extensions/node_modules/typescript/lib/file:/home/kelper/vue.d.ts
Unable to load library file:///home/vue.ts at /usr/lib/code/extensions/node_modules/typescript/lib/file:/home/vue.ts
Unable to load library file:///home/vue.tsx at /usr/lib/code/extensions/node_modules/typescript/lib/file:/home/vue.tsx
Unable to load library file:///home/vue.d.ts at /usr/lib/code/extensions/node_modules/typescript/lib/file:/home/vue.d.ts
Unable to load library file:///vue.ts at /usr/lib/code/extensions/node_modules/typescript/lib/file:/vue.ts
Unable to load library file:///vue.tsx at /usr/lib/code/extensions/node_modules/typescript/lib/file:/vue.tsx
Unable to load library file:///vue.d.ts at /usr/lib/code/extensions/node_modules/typescript/lib/file:/vue.d.ts
Unable to load library file:///home/kelper/clg/DBMS-front-end/node_modules/@types/vue/package.json at /usr/lib/code/extensions/node_modules/typescript/lib/file:/home/kelper/clg/DBMS-front-end/node_modules/@types/vue/package.json
Unable to load library file:///home/kelper/clg/DBMS-front-end/node_modules/@types/vue.d.ts at /usr/lib/code/extensions/node_modules/typescript/lib/file:/home/kelper/clg/DBMS-front-end/node_modules/@types/vue.d.ts
Unable to load library file:///home/kelper/clg/DBMS-front-end/node_modules/@types/vue/index.d.ts at /usr/lib/code/extensions/node_modules/typescript/lib/file:/home/kelper/clg/DBMS-front-end/node_modules/@types/vue/index.d.ts
Unable to load library file:///home/kelper/clg/node_modules/@types/vue/package.json at /usr/lib/code/extensions/node_modules/typescript/lib/file:/home/kelper/clg/node_modules/@types/vue/package.json
Unable to load library file:///home/kelper/clg/node_modules/@types/vue.d.ts at /usr/lib/code/extensions/node_modules/typescript/lib/file:/home/kelper/clg/node_modules/@types/vue.d.ts
Unable to load library file:///home/kelper/clg/node_modules/@types/vue/index.d.ts at /usr/lib/code/extensions/node_modules/typescript/lib/file:/home/kelper/clg/node_modules/@types/vue/index.d.ts
Unable to load library file:///home/kelper/node_modules/@types/vue/package.json at /usr/lib/code/extensions/node_modules/typescript/lib/file:/home/kelper/node_modules/@types/vue/package.json
Unable to load library file:///home/kelper/node_modules/@types/vue.d.ts at /usr/lib/code/extensions/node_modules/typescript/lib/file:/home/kelper/node_modules/@types/vue.d.ts
Unable to load library file:///home/kelper/node_modules/@types/vue/index.d.ts at /usr/lib/code/extensions/node_modules/typescript/lib/file:/home/kelper/node_modules/@types/vue/index.d.ts
Unable to load library file:///home/node_modules/@types/vue/package.json at /usr/lib/code/extensions/node_modules/typescript/lib/file:/home/node_modules/@types/vue/package.json
Unable to load library file:///home/node_modules/@types/vue.d.ts at /usr/lib/code/extensions/node_modules/typescript/lib/file:/home/node_modules/@types/vue.d.ts
Unable to load library file:///home/node_modules/@types/vue/index.d.ts at /usr/lib/code/extensions/node_modules/typescript/lib/file:/home/node_modules/@types/vue/index.d.ts
Unable to load library file:///node_modules/@types/vue/package.json at /usr/lib/code/extensions/node_modules/typescript/lib/file:/node_modules/@types/vue/package.json
Unable to load library file:///node_modules/@types/vue.d.ts at /usr/lib/code/extensions/node_modules/typescript/lib/file:/node_modules/@types/vue.d.ts
Unable to load library file:///node_modules/@types/vue/index.d.ts at /usr/lib/code/extensions/node_modules/typescript/lib/file:/node_modules/@types/vue/index.d.ts
Unable to load library file:///home/kelper/clg/DBMS-front-end/vue.js at /usr/lib/code/extensions/node_modules/typescript/lib/file:/home/kelper/clg/DBMS-front-end/vue.js
Unable to load library file:///home/kelper/clg/DBMS-front-end/vue.jsx at /usr/lib/code/extensions/node_modules/typescript/lib/file:/home/kelper/clg/DBMS-front-end/vue.jsx
Unable to load library file:///home/kelper/clg/vue.js at /usr/lib/code/extensions/node_modules/typescript/lib/file:/home/kelper/clg/vue.js
Unable to load library file:///home/kelper/clg/vue.jsx at /usr/lib/code/extensions/node_modules/typescript/lib/file:/home/kelper/clg/vue.jsx
Unable to load library file:///home/kelper/vue.js at /usr/lib/code/extensions/node_modules/typescript/lib/file:/home/kelper/vue.js
Unable to load library file:///home/kelper/vue.jsx at /usr/lib/code/extensions/node_modules/typescript/lib/file:/home/kelper/vue.jsx
Unable to load library file:///home/vue.js at /usr/lib/code/extensions/node_modules/typescript/lib/file:/home/vue.js
Unable to load library file:///home/vue.jsx at /usr/lib/code/extensions/node_modules/typescript/lib/file:/home/vue.jsx
Unable to load library file:///vue.js at /usr/lib/code/extensions/node_modules/typescript/lib/file:/vue.js
Unable to load library file:///vue.jsx at /usr/lib/code/extensions/node_modules/typescript/lib/file:/vue.jsx
