2023-08-12 11:49:30 Loading main app package /tmp/.mount_ObsidiYp3y2R/resources/obsidian.asar
2023-08-12 11:49:31 Checking for update using Github
2023-08-12 11:50:14 Failed to check for update using Github (net::ERR_CONNECTION_REFUSED)
2023-08-12 11:50:14 Checking for update using obsidian.md
2023-08-12 11:50:14 Success.
2023-08-12 11:50:14 Latest version is 1.3.7
2023-08-12 11:50:14 App is up to date.
2023-08-12 12:50:34 Checking for update using Github
2023-08-12 12:50:55 Failed to check for update using Github (net::ERR_CONNECTION_REFUSED)
2023-08-12 12:50:55 Checking for update using obsidian.md
2023-08-12 12:50:56 Success.
2023-08-12 12:50:56 Latest version is 1.3.7
2023-08-12 12:50:56 App is up to date.
2023-08-12 13:50:34 Checking for update using Github
2023-08-12 13:50:55 Failed to check for update using Github (net::ERR_CONNECTION_REFUSED)
2023-08-12 13:50:55 Checking for update using obsidian.md
2023-08-12 13:50:55 Success.
2023-08-12 13:50:55 Latest version is 1.3.7
2023-08-12 13:50:55 App is up to date.
2023-08-13 08:19:16 Loading main app package /tmp/.mount_ObsidiceKR2H/resources/obsidian.asar
2023-08-13 08:19:17 Checking for update using Github
2023-08-13 08:19:17 Success.
2023-08-13 08:19:17 Latest version is 1.3.7
2023-08-13 08:19:17 App is up to date.
2023-08-13 08:27:38 Loading main app package /tmp/.mount_Obsidiz6ShGb/resources/obsidian.asar
2023-08-13 08:27:38 Checking for update using Github
2023-08-13 08:28:00 Failed to check for update using Github (net::ERR_CONNECTION_REFUSED)
2023-08-13 08:28:00 Checking for update using obsidian.md
2023-08-13 08:28:00 Success.
2023-08-13 08:28:00 Latest version is 1.3.7
2023-08-13 08:28:00 App is up to date.
2023-08-13 15:25:49 Checking for update using Github
2023-08-13 15:26:10 Failed to check for update using Github (net::ERR_CONNECTION_REFUSED)
2023-08-13 15:26:10 Checking for update using obsidian.md
2023-08-13 15:26:11 Success.
2023-08-13 15:26:11 Latest version is 1.3.7
2023-08-13 15:26:11 App is up to date.
2023-08-13 15:46:51 Loading main app package /tmp/.mount_ObsidiHhpiMm/resources/obsidian.asar
2023-08-13 15:46:54 Checking for update using Github
2023-08-13 15:47:16 Failed to check for update using Github (net::ERR_CONNECTION_REFUSED)
2023-08-13 15:47:16 Checking for update using obsidian.md
2023-08-13 15:47:16 Success.
2023-08-13 15:47:16 Latest version is 1.3.7
2023-08-13 15:47:16 App is up to date.
2023-08-15 13:42:45 Loading main app package /tmp/.mount_ObsidiN1MuJP/resources/obsidian.asar
2023-08-15 13:43:29 Loading main app package /tmp/.mount_ObsidiLSfxfM/resources/obsidian.asar
2023-08-15 13:43:39 Checking for update using Github
2023-08-15 13:43:47 Loading main app package /tmp/.mount_Obsidi0KGboM/resources/obsidian.asar
2023-08-15 13:43:48 Checking for update using Github
2023-08-15 13:44:09 Failed to check for update using Github (net::ERR_NAME_NOT_RESOLVED)
2023-08-15 13:44:09 Checking for update using obsidian.md
2023-08-15 13:52:11 Failed to check for update using obsidian.md (net::ERR_TIMED_OUT)
2023-08-16 07:01:11 Checking for update using Github
2023-08-16 07:01:31 Failed to check for update using Github (net::ERR_NAME_NOT_RESOLVED)
2023-08-16 07:01:31 Checking for update using obsidian.md
2023-08-16 07:01:51 Failed to check for update using obsidian.md (net::ERR_NAME_NOT_RESOLVED)
2023-08-16 09:46:44 Checking for update using Github
2023-08-16 09:46:45 Success.
2023-08-16 09:46:45 Latest version is 1.3.7
2023-08-16 09:46:45 App is up to date.
2023-08-16 16:15:04 Checking for update using Github
2023-08-16 16:15:25 Failed to check for update using Github (net::ERR_CONNECTION_REFUSED)
2023-08-16 16:15:25 Checking for update using obsidian.md
2023-08-16 16:15:27 Success.
2023-08-16 16:15:27 Latest version is 1.3.7
2023-08-16 16:15:27 App is up to date.
2023-08-28 08:41:26 Loading main app package /tmp/.mount_ObsidixV0JIH/resources/obsidian.asar
2023-08-28 08:41:28 Checking for update using Github
2023-08-28 08:41:29 Success.
2023-08-28 08:41:29 Latest version is 1.3.7
2023-08-28 08:41:29 App is up to date.
2023-08-28 09:41:26 Checking for update using Github
2023-08-28 09:41:37 Success.
2023-08-28 09:41:37 Latest version is 1.3.7
2023-08-28 09:41:37 App is up to date.
2023-08-28 10:41:26 Checking for update using Github
2023-08-28 10:41:37 Success.
2023-08-28 10:41:37 Latest version is 1.3.7
2023-08-28 10:41:37 App is up to date.
2023-08-28 11:41:27 Checking for update using Github
2023-08-28 11:41:37 Success.
2023-08-28 11:41:37 Latest version is 1.3.7
2023-08-28 11:41:37 App is up to date.
2023-08-28 12:49:28 Checking for update using Github
2023-08-28 12:49:49 Failed to check for update using Github (net::ERR_CONNECTION_REFUSED)
2023-08-28 12:49:49 Checking for update using obsidian.md
2023-08-28 12:49:49 Success.
2023-08-28 12:49:49 Latest version is 1.3.7
2023-08-28 12:49:49 App is up to date.
2023-08-28 13:49:28 Checking for update using Github
2023-08-28 13:49:29 Success.
2023-08-28 13:49:29 Latest version is 1.3.7
2023-08-28 13:49:29 App is up to date.
2023-08-28 15:34:39 Checking for update using Github
2023-08-28 15:34:49 Success.
2023-08-28 15:34:49 Latest version is 1.3.7
2023-08-28 15:34:49 App is up to date.
2023-08-28 16:34:39 Checking for update using Github
2023-08-28 16:34:49 Success.
2023-08-28 16:34:49 Latest version is 1.3.7
2023-08-28 16:34:49 App is up to date.
2023-08-28 17:34:39 Checking for update using Github
2023-08-28 17:34:49 Success.
2023-08-28 17:34:49 Latest version is 1.3.7
2023-08-28 17:34:49 App is up to date.
2023-08-29 03:27:16 Checking for update using Github
2023-08-29 03:27:16 Success.
2023-08-29 03:27:16 Latest version is 1.3.7
2023-08-29 03:27:16 App is up to date.
2023-08-29 04:27:16 Checking for update using Github
2023-08-29 04:27:26 Success.
2023-08-29 04:27:26 Latest version is 1.3.7
2023-08-29 04:27:26 App is up to date.
2023-08-29 06:27:24 Checking for update using Github
2023-08-29 06:27:24 Success.
2023-08-29 06:27:24 Latest version is 1.3.7
2023-08-29 06:27:24 App is up to date.
2023-08-29 07:27:24 Checking for update using Github
2023-08-29 07:27:34 Success.
2023-08-29 07:27:34 Latest version is 1.3.7
2023-08-29 07:27:34 App is up to date.
2023-08-29 08:27:24 Checking for update using Github
2023-08-29 08:27:34 Success.
2023-08-29 08:27:34 Latest version is 1.3.7
2023-08-29 08:27:34 App is up to date.
2023-08-29 09:50:38 Checking for update using Github
2023-08-29 09:50:48 Success.
2023-08-29 09:50:48 Latest version is 1.3.7
2023-08-29 09:50:48 App is up to date.
2023-08-29 11:24:04 Checking for update using Github
2023-08-29 11:24:14 Success.
2023-08-29 11:24:14 Latest version is 1.3.7
2023-08-29 11:24:14 App is up to date.
2023-08-29 12:24:04 Checking for update using Github
2023-08-29 12:24:14 Success.
2023-08-29 12:24:14 Latest version is 1.3.7
2023-08-29 12:24:14 App is up to date.
2023-08-29 14:56:08 Checking for update using Github
2023-08-29 14:56:19 Success.
2023-08-29 14:56:19 Latest version is 1.3.7
2023-08-29 14:56:19 App is up to date.
2023-08-29 15:56:09 Checking for update using Github
2023-08-29 15:56:30 Failed to check for update using Github (net::ERR_CONNECTION_REFUSED)
2023-08-29 15:56:30 Checking for update using obsidian.md
2023-08-29 15:56:30 Success.
2023-08-29 15:56:30 Latest version is 1.3.7
2023-08-29 15:56:30 App is up to date.
2023-09-13 13:21:32 Loading main app package /tmp/.mount_Obsidiysdvaj/resources/obsidian.asar
2023-09-13 13:21:36 Checking for update using Github
2023-09-13 13:21:39 Success.
2023-09-13 13:21:39 Latest version is 1.4.12
2023-09-13 13:21:39 Downloading update from https://github.com/obsidianmd/obsidian-releases/releases/download/v1.4.12/obsidian-1.4.12.asar.gz
2023-09-13 13:26:01 Verifying hash & signature. Size= 8394475
2023-09-13 13:26:01 Saving file
2023-09-13 13:26:01 Update complete.
