2023-08-27 11:30:57.051 [info] Added views:workbench.panel.markers.view in workbench.panel.markers
2023-08-27 11:30:57.052 [info] Added views:workbench.panel.output in workbench.panel.output
2023-08-27 11:30:57.052 [info] Added views:terminal in terminal
2023-08-27 11:30:57.052 [info] Added views:outline in workbench.view.explorer
2023-08-27 11:30:57.052 [info] Added views:workbench.scm in workbench.view.scm
2023-08-27 11:30:57.052 [info] Added views:workbench.view.search in workbench.view.search
2023-08-27 11:30:57.052 [info] Added views:timeline in workbench.view.explorer
2023-08-27 11:30:57.052 [info] Added views:workbench.explorer.emptyView in workbench.view.explorer
2023-08-27 11:30:59.567 [info] Added views:workbench.debug.welcome in workbench.view.debug
2023-08-27 11:31:08.394 [info] Added views:workbench.panel.repl.view in workbench.panel.repl
2023-08-27 11:31:14.527 [info] Added views:workbench.views.extensions.installed,workbench.views.extensions.popular,extensions.recommendedList in workbench.view.extensions
2023-08-27 11:34:45.415 [info] Removed views:extensions.recommendedList,workbench.views.extensions.popular,workbench.views.extensions.installed from workbench.view.extensions
2023-08-27 11:34:45.460 [info] Added views:workbench.views.extensions.marketplace in workbench.view.extensions
2023-08-27 12:06:00.315 [info] Removed views:workbench.views.extensions.marketplace from workbench.view.extensions
2023-08-27 12:06:00.554 [info] Added views:workbench.views.extensions.installed,workbench.views.extensions.popular,extensions.recommendedList in workbench.view.extensions
2023-08-27 12:06:05.127 [info] Removed views:extensions.recommendedList,workbench.views.extensions.popular,workbench.views.extensions.installed from workbench.view.extensions
2023-08-27 12:06:05.188 [info] Added views:workbench.views.extensions.marketplace in workbench.view.extensions
2023-08-27 19:38:39.052 [info] Added views:workbench.panel.markers.view in workbench.panel.markers
2023-08-27 19:38:39.052 [info] Added views:workbench.panel.output in workbench.panel.output
2023-08-27 19:38:39.052 [info] Added views:terminal in terminal
2023-08-27 19:38:39.052 [info] Added views:outline in workbench.view.explorer
2023-08-27 19:38:39.052 [info] Added views:workbench.scm in workbench.view.scm
2023-08-27 19:38:39.052 [info] Added views:workbench.view.search in workbench.view.search
2023-08-27 19:38:39.052 [info] Added views:timeline in workbench.view.explorer
2023-08-27 19:38:39.052 [info] Added views:workbench.explorer.fileView in workbench.view.explorer
2023-08-27 19:38:41.560 [info] Added views:workbench.debug.variablesView,workbench.debug.watchExpressionsView,workbench.debug.callStackView,workbench.debug.breakPointsView in workbench.view.debug
2023-08-27 19:38:44.887 [info] Added views:workbench.panel.repl.view in workbench.panel.repl
2023-08-27 19:38:44.888 [info] Removed views:workbench.debug.breakPointsView,workbench.debug.callStackView,workbench.debug.watchExpressionsView,workbench.debug.variablesView from workbench.view.debug
2023-08-27 19:38:44.889 [info] Added views:workbench.debug.welcome in workbench.view.debug
2023-08-27 19:47:50.736 [info] Added views:workbench.views.extensions.installed,workbench.views.extensions.popular,extensions.recommendedList in workbench.view.extensions
2023-08-27 19:47:50.769 [info] Removed views:workbench.views.extensions.popular from workbench.view.extensions
2023-08-27 19:47:53.072 [info] Removed views:extensions.recommendedList,workbench.views.extensions.installed from workbench.view.extensions
2023-08-27 19:47:53.112 [info] Added views:workbench.views.extensions.marketplace in workbench.view.extensions
2023-08-27 19:50:31.855 [info] Removed views:workbench.views.extensions.marketplace from workbench.view.extensions
2023-08-27 19:50:31.926 [info] Added views:workbench.views.extensions.installed,extensions.recommendedList in workbench.view.extensions
2023-08-27 19:50:34.198 [info] Removed views:extensions.recommendedList,workbench.views.extensions.installed from workbench.view.extensions
2023-08-27 19:50:34.235 [info] Added views:workbench.views.extensions.marketplace in workbench.view.extensions
